<?xml version="1.0" encoding="UTF-8"?>
<!-- Generated by org.testng.reporters.JUnitReportReporter -->
<testsuite skipped="0" hostname="System" name="com.inetbanking.testCases.TC_LoginTest_001" tests="1" failures="0" timestamp="01 Apr 2020 19:26:50 GMT" time="4.659" errors="0">
  <testcase name="loginTest" time="4.659" classname="com.inetbanking.testCases.TC_LoginTest_001"/>
</testsuite> <!-- com.inetbanking.testCases.TC_LoginTest_001 -->
